{
  "RSpec": {
    "coverage": {
      "/home/meanheffry/169_proj/schoolcentral/spec/controllers/classrooms_controller_spec.rb": [
        1,
        null,
        1,
        null,
        null
      ],
      "/home/meanheffry/169_proj/schoolcentral/spec/rails_helper.rb": [
        null,
        1,
        1,
        1,
        1,
        1,
        1,
        null,
        null,
        null,
        null,
        null,
        null,
        null,
        null,
        null,
        null,
        null,
        null,
        null,
        null,
        null,
        null,
        null,
        null,
        null,
        1,
        null,
        1,
        null,
        1,
        null,
        null,
        null,
        null,
        1,
        null,
        null,
        null,
        null,
        null,
        null,
        null,
        null,
        null,
        null,
        null,
        null,
        null,
        null,
        1,
        1,
        1,
        null,
        null
      ],
      "/home/meanheffry/169_proj/schoolcentral/config/environment.rb": [
        null,
        1,
        null,
        null,
        1
      ],
      "/home/meanheffry/169_proj/schoolcentral/config/application.rb": [
        1,
        null,
        null,
        1,
        1,
        1,
        1,
        1,
        1,
        null,
        null,
        null,
        null,
        1,
        null,
        1,
        1,
        null,
        null,
        null,
        null,
        null,
        null,
        null,
        null,
        null,
        null,
        null,
        null,
        null
      ],
      "/home/meanheffry/169_proj/schoolcentral/config/boot.rb": [
        null,
        1,
        null,
        1
      ],
      "/home/meanheffry/169_proj/schoolcentral/config/environments/test.rb": [
        1,
        null,
        null,
        null,
        null,
        null,
        null,
        1,
        null,
        null,
        null,
        null,
        1,
        null,
        null,
        1,
        1,
        null,
        null,
        1,
        1,
        null,
        null,
        1,
        null,
        null,
        1,
        null,
        null,
        null,
        null,
        1,
        null,
        null,
        1,
        null,
        null,
        null,
        null
      ],
      "/home/meanheffry/169_proj/schoolcentral/config/initializers/assets.rb": [
        null,
        null,
        null,
        1,
        null,
        null,
        null,
        null,
        null
      ],
      "/home/meanheffry/169_proj/schoolcentral/config/initializers/backtrace_silencers.rb": [
        null,
        null,
        null,
        null,
        null,
        null,
        null
      ],
      "/home/meanheffry/169_proj/schoolcentral/config/initializers/cookies_serializer.rb": [
        null,
        null,
        1
      ],
      "/home/meanheffry/169_proj/schoolcentral/config/initializers/devise.rb": [
        null,
        null,
        1,
        null,
        null,
        null,
        null,
        null,
        null,
        null,
        null,
        null,
        1,
        null,
        null,
        null,
        null,
        null,
        null,
        null,
        null,
        1,
        null,
        null,
        null,
        null,
        null,
        null,
        null,
        null,
        null,
        null,
        null,
        null,
        null,
        null,
        null,
        null,
        null,
        null,
        null,
        null,
        null,
        1,
        null,
        null,
        null,
        null,
        1,
        null,
        null,
        null,
        null,
        null,
        null,
        null,
        null,
        null,
        null,
        null,
        null,
        null,
        null,
        null,
        null,
        null,
        null,
        null,
        null,
        null,
        null,
        null,
        null,
        null,
        null,
        null,
        null,
        null,
        null,
        1,
        null,
        null,
        null,
        null,
        null,
        null,
        null,
        null,
        null,
        null,
        null,
        null,
        null,
        null,
        null,
        null,
        1,
        null,
        null,
        null,
        null,
        null,
        null,
        null,
        null,
        null,
        null,
        null,
        null,
        null,
        null,
        null,
        null,
        null,
        null,
        null,
        null,
        null,
        null,
        null,
        null,
        1,
        null,
        null,
        null,
        null,
        null,
        null,
        null,
        null,
        null,
        1,
        null,
        null,
        null,
        null,
        null,
        null,
        null,
        null,
        null,
        null,
        1,
        null,
        null,
        null,
        null,
        null,
        null,
        null,
        null,
        null,
        null,
        null,
        null,
        null,
        null,
        null,
        null,
        null,
        null,
        null,
        null,
        null,
        null,
        null,
        null,
        null,
        null,
        null,
        null,
        null,
        null,
        null,
        null,
        null,
        null,
        null,
        null,
        null,
        null,
        null,
        null,
        null,
        null,
        null,
        null,
        null,
        null,
        null,
        null,
        1,
        null,
        null,
        null,
        null,
        null,
        null,
        null,
        null,
        null,
        null,
        null,
        null,
        null,
        null,
        null,
        null,
        null,
        null,
        null,
        null,
        null,
        null,
        null,
        null,
        null,
        null,
        null,
        null,
        null,
        null,
        null,
        null,
        null,
        null,
        null,
        null,
        null,
        1,
        null,
        null,
        null,
        null,
        null,
        null,
        null,
        null,
        null,
        null,
        null,
        null,
        null,
        null,
        null,
        null,
        null,
        null,
        null,
        null,
        null,
        null,
        null,
        null,
        null,
        null,
        null,
        null,
        null,
        null,
        1,
        null
      ],
      "/home/meanheffry/169_proj/schoolcentral/config/initializers/filter_parameter_logging.rb": [
        null,
        null,
        null,
        1
      ],
      "/home/meanheffry/169_proj/schoolcentral/config/initializers/inflections.rb": [
        null,
        null,
        null,
        null,
        null,
        null,
        null,
        null,
        null,
        null,
        null,
        null,
        null,
        null,
        null,
        null
      ],
      "/home/meanheffry/169_proj/schoolcentral/config/initializers/mime_types.rb": [
        null,
        null,
        null,
        null
      ],
      "/home/meanheffry/169_proj/schoolcentral/config/initializers/session_store.rb": [
        null,
        null,
        1
      ],
      "/home/meanheffry/169_proj/schoolcentral/config/initializers/wrap_parameters.rb": [
        null,
        null,
        null,
        null,
        null,
        null,
        1,
        1,
        null,
        null,
        null,
        null,
        null,
        null
      ],
      "/home/meanheffry/169_proj/schoolcentral/spec/factories/admins.rb": [
        null,
        null,
        1,
        1,
        null,
        null
      ],
      "/home/meanheffry/169_proj/schoolcentral/spec/factories/attendances.rb": [
        null,
        null,
        1,
        1,
        1,
        1,
        1,
        1,
        null,
        null,
        1,
        1,
        1,
        1,
        1,
        null,
        null,
        1,
        1,
        1,
        1,
        1,
        null,
        null,
        1,
        1,
        1,
        1,
        1,
        null,
        null
      ],
      "/home/meanheffry/169_proj/schoolcentral/spec/factories/classrooms.rb": [
        null,
        null,
        1,
        1,
        1,
        1,
        1,
        1,
        1,
        null,
        null
      ],
      "/home/meanheffry/169_proj/schoolcentral/spec/factories/schools.rb": [
        null,
        null,
        1,
        1,
        1,
        null,
        null
      ],
      "/home/meanheffry/169_proj/schoolcentral/spec/factories/students.rb": [
        null,
        null,
        1,
        1,
        null,
        null
      ],
      "/home/meanheffry/169_proj/schoolcentral/spec/factories/teachers.rb": [
        null,
        null,
        1,
        1,
        null,
        null
      ],
      "/home/meanheffry/169_proj/schoolcentral/spec/factories/users.rb": [
        null,
        null,
        1,
        1,
        1,
        1,
        1,
        1,
        1,
        1,
        null,
        null,
        1,
        1,
        1,
        1,
        1,
        1,
        null,
        null,
        1,
        1,
        1,
        1,
        1,
        1,
        null,
        null,
        1,
        1,
        1,
        1,
        1,
        1,
        null,
        null
      ],
      "/home/meanheffry/169_proj/schoolcentral/config/routes.rb": [
        1,
        null,
        1,
        null,
        1,
        null,
        1,
        1,
        1,
        1,
        null,
        1,
        null,
        null,
        null,
        null,
        null,
        null,
        null,
        1,
        null,
        1,
        null,
        null,
        null,
        null,
        null,
        null,
        null,
        null,
        null,
        null,
        null,
        null,
        null,
        null,
        null,
        null,
        null,
        null,
        null,
        null,
        null,
        null,
        null,
        null,
        null,
        null,
        null,
        null,
        null,
        null,
        null,
        null,
        null,
        null,
        null,
        null,
        null,
        null,
        null,
        null,
        null,
        null,
        null,
        null,
        null,
        null,
        null,
        null,
        null,
        null,
        null,
        null,
        null,
        null,
        null,
        null
      ],
      "/home/meanheffry/169_proj/schoolcentral/app/models/user.rb": [
        1,
        null,
        null,
        1,
        null,
        null,
        null,
        1,
        null,
        null,
        1,
        null,
        1,
        1,
        null,
        1,
        1,
        null,
        null,
        1,
        null,
        1,
        164,
        null,
        null,
        1,
        164,
        null,
        null,
        null,
        1,
        164,
        null,
        null,
        1,
        328,
        null,
        null,
        null,
        1,
        0,
        0,
        0,
        null,
        0,
        null,
        null,
        null,
        null,
        1,
        4,
        null,
        1,
        null,
        1,
        null,
        2,
        null,
        0,
        null,
        4,
        4,
        4,
        4,
        4,
        4,
        null,
        null,
        null,
        null,
        null,
        null,
        1,
        1,
        1,
        1,
        null,
        null,
        1,
        null,
        null,
        1,
        11,
        76,
        null,
        null
      ],
      "/home/meanheffry/169_proj/schoolcentral/app/helpers/application_helper.rb": [
        1,
        null
      ],
      "/home/meanheffry/169_proj/schoolcentral/app/helpers/classrooms_helper.rb": [
        1,
        null
      ],
      "/home/meanheffry/169_proj/schoolcentral/app/helpers/dashboard_helper.rb": [
        1,
        null
      ],
      "/home/meanheffry/169_proj/schoolcentral/app/helpers/static_helper.rb": [
        1,
        null
      ],
      "/home/meanheffry/169_proj/schoolcentral/app/helpers/user_helper.rb": [
        1,
        null
      ],
      "/home/meanheffry/169_proj/schoolcentral/app/helpers/users_helper.rb": [
        1,
        null
      ],
      "/home/meanheffry/169_proj/schoolcentral/app/controllers/classrooms_controller.rb": [
        1,
        null,
        1,
        0,
        0,
        null,
        null,
        null
      ],
      "/home/meanheffry/169_proj/schoolcentral/app/controllers/application_controller.rb": [
        1,
        null,
        null,
        1,
        1,
        1,
        null,
        null,
        null,
        null,
        1,
        0,
        null,
        null,
        null,
        null,
        1,
        0,
        0,
        null,
        null,
        null,
        null,
        null,
        null,
        null,
        0,
        0,
        null,
        null,
        null,
        null,
        null,
        null,
        null,
        0,
        0,
        null,
        null,
        null,
        null,
        null,
        null,
        null,
        null,
        null
      ],
      "/home/meanheffry/169_proj/schoolcentral/spec/controllers/dashboard_controller_spec.rb": [
        1,
        null,
        1,
        null,
        null
      ],
      "/home/meanheffry/169_proj/schoolcentral/app/controllers/dashboard_controller.rb": [
        null,
        null,
        1,
        null,
        1,
        0,
        null,
        0,
        null,
        null,
        null
      ],
      "/home/meanheffry/169_proj/schoolcentral/spec/controllers/static_controller_spec.rb": [
        1,
        null,
        1,
        null,
        null
      ],
      "/home/meanheffry/169_proj/schoolcentral/app/controllers/static_controller.rb": [
        1,
        null,
        1,
        null,
        null,
        null
      ],
      "/home/meanheffry/169_proj/schoolcentral/spec/controllers/user_controller_spec.rb": [
        1,
        null,
        1,
        null,
        null
      ],
      "/home/meanheffry/169_proj/schoolcentral/app/controllers/user_controller.rb": [
        1,
        null,
        1,
        null,
        null,
        null,
        null
      ],
      "/home/meanheffry/169_proj/schoolcentral/spec/controllers/users_controller_spec.rb": [
        1,
        null,
        1,
        null,
        null
      ],
      "/home/meanheffry/169_proj/schoolcentral/app/controllers/users_controller.rb": [
        1,
        null,
        1,
        null,
        1,
        0,
        null,
        null,
        1,
        0,
        0,
        null,
        0,
        null,
        null,
        null,
        1,
        0,
        0,
        null,
        0,
        null,
        null,
        null,
        1,
        0,
        0,
        0,
        0,
        0,
        null,
        0,
        0,
        null,
        null,
        null,
        null,
        1,
        0,
        0,
        null,
        0,
        null,
        null,
        null,
        1,
        null,
        null,
        null,
        1,
        null,
        0,
        null,
        null,
        1,
        null,
        0,
        null,
        null,
        1,
        null,
        0,
        null,
        null,
        1,
        null,
        0,
        null,
        null,
        null,
        null
      ],
      "/home/meanheffry/169_proj/schoolcentral/spec/helpers/classrooms_helper_spec.rb": [
        1,
        null,
        null,
        null,
        null,
        null,
        null,
        null,
        null,
        null,
        null,
        null,
        1,
        1,
        null
      ],
      "/home/meanheffry/169_proj/schoolcentral/spec/helpers/dashboard_helper_spec.rb": [
        1,
        null,
        null,
        null,
        null,
        null,
        null,
        null,
        null,
        null,
        null,
        null,
        1,
        1,
        null
      ],
      "/home/meanheffry/169_proj/schoolcentral/spec/helpers/static_helper_spec.rb": [
        1,
        null,
        null,
        null,
        null,
        null,
        null,
        null,
        null,
        null,
        null,
        null,
        1,
        1,
        null
      ],
      "/home/meanheffry/169_proj/schoolcentral/spec/helpers/user_helper_spec.rb": [
        1,
        null,
        null,
        null,
        null,
        null,
        null,
        null,
        null,
        null,
        null,
        null,
        1,
        1,
        null
      ],
      "/home/meanheffry/169_proj/schoolcentral/spec/helpers/users_helper_spec.rb": [
        1,
        null,
        null,
        null,
        null,
        null,
        null,
        null,
        null,
        null,
        null,
        null,
        1,
        1,
        null
      ],
      "/home/meanheffry/169_proj/schoolcentral/spec/models/admin_spec.rb": [
        1,
        null,
        null,
        null,
        null
      ],
      "/home/meanheffry/169_proj/schoolcentral/spec/models/attendance_spec.rb": [
        1,
        null,
        1,
        null,
        null,
        1,
        1,
        1,
        1,
        1,
        null,
        null,
        1,
        1,
        1,
        1,
        1,
        null,
        null,
        1,
        1,
        1,
        1,
        1,
        null,
        null,
        1,
        1,
        1,
        1,
        null,
        null,
        null,
        null,
        null,
        null,
        1,
        1,
        1,
        1,
        null,
        null,
        1,
        1,
        1,
        1,
        null,
        null,
        null,
        null,
        null,
        null,
        1,
        1,
        1,
        1,
        null,
        null,
        1,
        1,
        1,
        1,
        1,
        1,
        1,
        1,
        null,
        1,
        1,
        1,
        1,
        1,
        1,
        3,
        null,
        null,
        null,
        1,
        1,
        1,
        null,
        1,
        1,
        null,
        null,
        null
      ],
      "/home/meanheffry/169_proj/schoolcentral/app/models/attendance.rb": [
        1,
        1,
        1,
        null,
        1,
        null,
        1,
        1,
        1,
        null,
        null,
        null,
        null,
        null,
        null,
        null,
        1,
        1,
        3,
        1,
        null,
        1,
        null,
        1,
        null,
        3,
        null,
        null,
        null,
        null,
        null,
        null,
        null,
        null,
        null,
        null,
        1,
        2,
        null,
        null,
        null,
        1,
        1,
        null,
        null,
        null,
        1,
        1,
        null,
        null,
        1,
        0,
        null,
        0,
        null,
        0,
        null,
        0,
        null,
        0,
        null,
        null,
        null,
        1,
        3,
        null,
        null,
        1,
        3,
        null,
        null,
        1,
        3,
        null,
        null
      ],
      "/home/meanheffry/169_proj/schoolcentral/spec/models/classroom_spec.rb": [
        1,
        null,
        1,
        null,
        null,
        1,
        1,
        1,
        1,
        null,
        null,
        null,
        1,
        1,
        1,
        null,
        null,
        null,
        1,
        1,
        1,
        1,
        2,
        1,
        2,
        null,
        null
      ],
      "/home/meanheffry/169_proj/schoolcentral/app/models/classroom.rb": [
        1,
        null,
        null,
        1,
        null,
        1,
        1,
        null,
        1,
        null,
        1,
        1,
        1,
        null,
        1,
        null,
        1,
        66,
        3,
        null,
        null,
        null
      ],
      "/home/meanheffry/169_proj/schoolcentral/spec/models/school_spec.rb": [
        1,
        null,
        1,
        null,
        null,
        1,
        1,
        1,
        1,
        null,
        null,
        null
      ],
      "/home/meanheffry/169_proj/schoolcentral/app/models/school.rb": [
        1,
        1,
        1,
        null,
        1,
        null,
        1,
        0,
        null,
        null,
        1,
        0,
        null,
        null,
        1,
        0,
        null,
        null
      ],
      "/home/meanheffry/169_proj/schoolcentral/spec/models/student_spec.rb": [
        1,
        null,
        null,
        null,
        null
      ],
      "/home/meanheffry/169_proj/schoolcentral/spec/models/teacher_spec.rb": [
        1,
        null,
        null,
        null,
        null
      ],
      "/home/meanheffry/169_proj/schoolcentral/spec/models/user_spec.rb": [
        1,
        null,
        1,
        null,
        null,
        1,
        1,
        1,
        null,
        null,
        null,
        null,
        null,
        null,
        1,
        1,
        1,
        null,
        null,
        null,
        null,
        null,
        null,
        1,
        1,
        1,
        null,
        null,
        null,
        null,
        null,
        null,
        1,
        1,
        1,
        null,
        null,
        null,
        1,
        1,
        1,
        1,
        null,
        null,
        null,
        1,
        1,
        1,
        null,
        null,
        null,
        1,
        1,
        1,
        1,
        null,
        null,
        null,
        1,
        1,
        1,
        null,
        null,
        null,
        1,
        1,
        1,
        null,
        null,
        1,
        1,
        1,
        1,
        1,
        null,
        null,
        1,
        1,
        1,
        1,
        1,
        null,
        null,
        1,
        1,
        1,
        1,
        1,
        null,
        null,
        1,
        1,
        null,
        1,
        1,
        1,
        null,
        null,
        1,
        1,
        10,
        null,
        null,
        null
      ],
      "/home/meanheffry/169_proj/schoolcentral/spec/policies/admin_policy_spec.rb": [
        1,
        1,
        null,
        1,
        null,
        null,
        null,
        1,
        null,
        null,
        null,
        3,
        3,
        3,
        3,
        3,
        3,
        3,
        null,
        3,
        3,
        3,
        3,
        null,
        null,
        null,
        null,
        1,
        2,
        null,
        null,
        1,
        2,
        null,
        null,
        1,
        2,
        null,
        null,
        null,
        null,
        null,
        null,
        null,
        null,
        null,
        null,
        null,
        null,
        null,
        null,
        null,
        null,
        null,
        null,
        null,
        null,
        null,
        null,
        null
      ],
      "/home/meanheffry/169_proj/schoolcentral/app/policies/admin_policy.rb": [
        1,
        1,
        1,
        3,
        3,
        null,
        1,
        null,
        1,
        null,
        1,
        null,
        null,
        null,
        null
      ],
      "/home/meanheffry/169_proj/schoolcentral/app/policies/application_policy.rb": [
        1,
        1,
        null,
        1,
        0,
        0,
        null,
        null,
        1,
        0,
        null,
        null,
        1,
        0,
        null,
        null,
        1,
        0,
        null,
        null,
        1,
        0,
        null,
        null,
        1,
        0,
        null,
        null,
        1,
        0,
        null,
        null,
        1,
        0,
        null,
        null,
        1,
        0,
        null,
        null,
        1,
        1,
        null,
        1,
        27,
        27,
        null,
        null,
        1,
        0,
        null,
        null,
        null,
        null
      ],
      "/home/meanheffry/169_proj/schoolcentral/spec/policies/attendance_policy_spec.rb": [
        1,
        1,
        null,
        1,
        null,
        1,
        null,
        null,
        null,
        3,
        3,
        3,
        3,
        3,
        3,
        3,
        null,
        null,
        3,
        3,
        null,
        null,
        3,
        3,
        3,
        3,
        3,
        3,
        null,
        null,
        3,
        3,
        null,
        null,
        null,
        null,
        1,
        2,
        null,
        null,
        null,
        1,
        2,
        null,
        null,
        null,
        1,
        2,
        null,
        null,
        null,
        null,
        null,
        null,
        null,
        null,
        null,
        null,
        null,
        null,
        null,
        null,
        null,
        null,
        null,
        null,
        null,
        null,
        null,
        null,
        null,
        null,
        null
      ],
      "/home/meanheffry/169_proj/schoolcentral/app/policies/attendance_policy.rb": [
        1,
        1,
        1,
        3,
        null,
        null,
        1,
        null,
        null,
        1,
        null,
        null,
        1,
        null,
        null,
        null,
        null
      ],
      "/home/meanheffry/169_proj/schoolcentral/spec/policies/classroom_policy_spec.rb": [
        1,
        1,
        null,
        1,
        1,
        null,
        null,
        null,
        3,
        3,
        3,
        3,
        3,
        3,
        3,
        null,
        3,
        3,
        3,
        3,
        null,
        null,
        null,
        1,
        2,
        null,
        null,
        1,
        2,
        null,
        null,
        1,
        2,
        null,
        null
      ],
      "/home/meanheffry/169_proj/schoolcentral/app/policies/classroom_policy.rb": [
        1,
        1,
        1,
        3,
        3,
        null,
        null,
        1,
        null,
        null,
        1,
        null,
        null,
        1,
        null,
        null,
        null,
        null
      ],
      "/home/meanheffry/169_proj/schoolcentral/spec/policies/school_policy_spec.rb": [
        1,
        1,
        null,
        1,
        null,
        null,
        1,
        null,
        null,
        null,
        13,
        13,
        13,
        13,
        13,
        13,
        13,
        null,
        13,
        13,
        13,
        13,
        null,
        13,
        13,
        13,
        13,
        13,
        13,
        null,
        null,
        null,
        null,
        null,
        null,
        null,
        null,
        null,
        null,
        null,
        1,
        1,
        1,
        null,
        null,
        null,
        1,
        null,
        2,
        null,
        null,
        1,
        2,
        null,
        null,
        1,
        2,
        null,
        null,
        1,
        1,
        1,
        null,
        null,
        null,
        null,
        null,
        1,
        1,
        1,
        null,
        null,
        null,
        null,
        null,
        1,
        1,
        1,
        null,
        null,
        null,
        null,
        null,
        1,
        1,
        1,
        null,
        1,
        1,
        1,
        null,
        null,
        null,
        1,
        1,
        1,
        null,
        1,
        1,
        1,
        null,
        null,
        null,
        1,
        1,
        1,
        null,
        1,
        1,
        1,
        null,
        null,
        null
      ],
      "/home/meanheffry/169_proj/schoolcentral/app/policies/school_policy.rb": [
        1,
        1,
        1,
        12,
        12,
        null,
        null,
        4,
        null,
        null,
        null,
        4,
        null,
        null,
        null,
        4,
        null,
        null,
        null,
        null,
        null
      ],
      "/home/meanheffry/169_proj/schoolcentral/spec/policies/student_policy_spec.rb": [
        1,
        1,
        null,
        1,
        null,
        1,
        null,
        null,
        null,
        3,
        3,
        3,
        3,
        3,
        3,
        3,
        null,
        3,
        3,
        3,
        3,
        null,
        null,
        null,
        1,
        1,
        null,
        null,
        1,
        1,
        null,
        null,
        1,
        1,
        null,
        null,
        null,
        null,
        null,
        null,
        null,
        null,
        null,
        null,
        null,
        null,
        null,
        null,
        null,
        null,
        null,
        null,
        null
      ],
      "/home/meanheffry/169_proj/schoolcentral/app/policies/student_policy.rb": [
        1,
        1,
        1,
        3,
        3,
        null,
        null,
        1,
        null,
        null,
        1,
        null,
        null,
        1,
        null,
        null,
        null,
        null
      ],
      "/home/meanheffry/169_proj/schoolcentral/spec/policies/teacher_policy_spec.rb": [
        1,
        1,
        null,
        1,
        null,
        1,
        null,
        null,
        null,
        3,
        3,
        3,
        3,
        3,
        3,
        3,
        null,
        3,
        3,
        3,
        3,
        null,
        null,
        null,
        null,
        1,
        2,
        null,
        null,
        1,
        2,
        null,
        null,
        1,
        2,
        null,
        null,
        null,
        null,
        null,
        null,
        null,
        null,
        null,
        null,
        null,
        null,
        null,
        null,
        null,
        null,
        null,
        null,
        null,
        null,
        null,
        null,
        null,
        null,
        null,
        null,
        null,
        null
      ],
      "/home/meanheffry/169_proj/schoolcentral/app/policies/teacher_policy.rb": [
        1,
        1,
        1,
        3,
        3,
        null,
        null,
        1,
        null,
        null,
        2,
        null,
        null,
        0,
        null,
        null,
        null,
        null
      ],
      "/home/meanheffry/169_proj/schoolcentral/app/models/student.rb": [
        1,
        null,
        1,
        null,
        1,
        null,
        1,
        null,
        null,
        1,
        0,
        null,
        null,
        null,
        null
      ],
      "/home/meanheffry/169_proj/schoolcentral/app/models/admin.rb": [
        1,
        null,
        1,
        null
      ],
      "/home/meanheffry/169_proj/schoolcentral/app/models/teacher.rb": [
        1,
        null,
        1,
        null,
        1,
        null,
        null,
        1,
        2,
        null,
        null
      ]
    },
    "timestamp": 1414113513
  }
}
